#-----------------------------------------------------------
# Webtalk v2019.1.0 (64-bit)
# SW Build 2430218 on Sat Jan 19 12:03:04 MST 2019
# 
# Start of session at: Tue Jan 22 12:20:49 2019
# Process ID: 16032
# Current directory: C:/temp/git_workspace/webtalk
# Command line: wbtcv.exe -mode batch -source sdx_webtalk.tcl
# Log file: C:/temp/git_workspace/webtalk/webtalk.log
# Journal file: C:/temp/git_workspace/webtalk\webtalk.jou
#-----------------------------------------------------------
source sdx_webtalk.tcl
# webtalk_init -webtalk_dir C:\\temp\\git_workspace\\webtalk
# webtalk_register_client -client project
# webtalk_add_data -client project -key date_generated -value "2019-01-22 12:20:47" -context "software_version_and_target_device"
# webtalk_add_data -client project -key product_version -value "SDx v2018.3" -context "software_version_and_target_device"
# webtalk_add_data -client project -key build_version -value "2018.3" -context "software_version_and_target_device"
# webtalk_add_data -client project -key os_platform -value "amd64" -context "software_version_and_target_device"
# webtalk_add_data -client project -key registration_id -value "1_2_4_3" -context "software_version_and_target_device"
# webtalk_add_data -client project -key tool_flow -value "SDx" -context "software_version_and_target_device"
# webtalk_add_data -client project -key beta -value "false" -context "software_version_and_target_device"
# webtalk_add_data -client project -key route_design -value "NA" -context "software_version_and_target_device"
# webtalk_add_data -client project -key target_family -value "NA" -context "software_version_and_target_device"
# webtalk_add_data -client project -key target_device -value "NA" -context "software_version_and_target_device"
# webtalk_add_data -client project -key target_package -value "NA" -context "software_version_and_target_device"
# webtalk_add_data -client project -key target_speed -value "NA" -context "software_version_and_target_device"
# webtalk_add_data -client project -key random_id -value "r14pq5h9ua8udmrucuhh0s5pl6" -context "software_version_and_target_device"
# webtalk_add_data -client project -key project_id -value "2018.3_38" -context "software_version_and_target_device"
# webtalk_add_data -client project -key project_iteration -value "38" -context "software_version_and_target_device"
# webtalk_add_data -client project -key os_name -value "Microsoft Windows 8 or later , 64-bit" -context "user_environment"
# webtalk_add_data -client project -key os_release -value "major release  (build 9200)" -context "user_environment"
# webtalk_add_data -client project -key cpu_name -value "Intel(R) Core(TM) i7-7600U CPU @ 2.80GHz" -context "user_environment"
# webtalk_add_data -client project -key cpu_speed -value "2904 MHz" -context "user_environment"
# webtalk_add_data -client project -key total_processors -value "1" -context "user_environment"
# webtalk_add_data -client project -key system_ram -value "17.053 GB" -context "user_environment"
# webtalk_register_client -client sdx
# webtalk_add_data -client sdx -key uid -value "1548138293300" -context "sdx\\\\platform/1548138293300"
# webtalk_add_data -client sdx -key platform_source -value "dsa" -context "sdx\\\\platform/1548138293300"
# webtalk_add_data -client sdx -key os -value "standalone" -context "sdx\\\\platform/1548138293300"
# webtalk_add_data -client sdx -key processor -value "ps7_cortexa9" -context "sdx\\\\platform/1548138293300"
# webtalk_add_data -client sdx -key platform -value "NA" -context "sdx\\\\platform/1548138293300"
# webtalk_transmit -clientid 1150024995 -regid "1_2_4_3" -xml C:\\temp\\git_workspace\\webtalk\\usage_statistics_ext_sdx.xml -html C:\\temp\\git_workspace\\webtalk\\usage_statistics_ext_sdx.html -wdm C:\\temp\\git_workspace\\webtalk\\sdx_webtalk.wdm -intro "<H3>SDx Usage Report</H3><BR>"
# webtalk_terminate
INFO: [Common 17-206] Exiting Webtalk at Tue Jan 22 12:20:55 2019...
